<?xml version="1.0" encoding="UTF-8"?>
<!-- Generated by org.testng.reporters.JUnitXMLReporter -->
<testsuite hostname="Suraj-Pc" failures="0" tests="2" name="Default test(failed)" time="29.019" errors="0" timestamp="11 Sep 2023 20:18:49 GMT">
  <testcase classname="testcases.Login_test_1" name="cLOGIN_WITH_EMPTY_USERNAME_AND_VALID_PASSWORD" time="2.156"/>
  <testcase classname="testcases.Login_test_1" name="dLOGIN_WITH_VALID_USERNAME_AND_EMPTY_PASSWORD" time="2.151"/>
</testsuite> <!-- Default test(failed) -->
