<?xml version="1.0" encoding="UTF-8"?>
<!-- Generated by org.testng.reporters.JUnitXMLReporter -->
<testsuite hostname="Suraj-Pc" failures="0" tests="3" name="Default test" time="46.973" errors="0" timestamp="12 Sep 2023 05:54:28 GMT">
  <testcase classname="testcases.Login_test_1" name="emptyUsername" time="7.201"/>
  <testcase classname="testcases.Login_test_1" name="valid" time="7.193"/>
  <testcase classname="testcases.Login_test_1" name="invalid" time="8.131"/>
</testsuite> <!-- Default test -->
