<?xml version="1.0" encoding="UTF-8"?>
<testng-results total="3" passed="3" failed="0" skipped="0">
  <reporter-output>
  </reporter-output>
  <suite started-at="2023-09-12T05:53:41Z" name="Default suite" finished-at="2023-09-12T05:54:28Z" duration-ms="46973">
    <groups>
    </groups>
    <test started-at="2023-09-12T05:53:41Z" name="Default test" finished-at="2023-09-12T05:54:28Z" duration-ms="46973">
      <class name="testcases.Login_test_1">
        <test-method is-config="true" signature="launchapp()[pri:0, instance:testcases.Login_test_1@7d9e8ef7]" started-at="2023-09-12T11:23:41Z" name="launchapp" finished-at="2023-09-12T11:23:48Z" duration-ms="7579" status="PASS">
          <reporter-output>
          </reporter-output>
        </test-method> <!-- launchapp -->
        <test-method signature="emptyUsername()[pri:1, instance:testcases.Login_test_1@7d9e8ef7]" started-at="2023-09-12T11:23:48Z" name="emptyUsername" finished-at="2023-09-12T11:23:55Z" duration-ms="7201" status="PASS">
          <reporter-output>
          </reporter-output>
        </test-method> <!-- emptyUsername -->
        <test-method is-config="true" signature="launchapp()[pri:0, instance:testcases.Login_test_1@7d9e8ef7]" started-at="2023-09-12T11:23:55Z" name="launchapp" finished-at="2023-09-12T11:24:03Z" duration-ms="7390" status="PASS">
          <reporter-output>
          </reporter-output>
        </test-method> <!-- launchapp -->
        <test-method signature="valid()[pri:2, instance:testcases.Login_test_1@7d9e8ef7]" started-at="2023-09-12T11:24:03Z" name="valid" finished-at="2023-09-12T11:24:10Z" duration-ms="7193" status="PASS">
          <reporter-output>
          </reporter-output>
        </test-method> <!-- valid -->
        <test-method is-config="true" signature="launchapp()[pri:0, instance:testcases.Login_test_1@7d9e8ef7]" started-at="2023-09-12T11:24:10Z" name="launchapp" finished-at="2023-09-12T11:24:19Z" duration-ms="9467" status="PASS">
          <reporter-output>
          </reporter-output>
        </test-method> <!-- launchapp -->
        <test-method signature="invalid()[pri:3, instance:testcases.Login_test_1@7d9e8ef7]" started-at="2023-09-12T11:24:19Z" name="invalid" finished-at="2023-09-12T11:24:28Z" duration-ms="8131" status="PASS">
          <reporter-output>
          </reporter-output>
        </test-method> <!-- invalid -->
      </class> <!-- testcases.Login_test_1 -->
    </test> <!-- Default test -->
  </suite> <!-- Default suite -->
</testng-results>
